빌드 시작: 2015-09-22 오후 9:25:18
     1>2 노드의 "C:\Users\유석환\Desktop\20150916\20150916\20150916.vcxproj" 프로젝트(build 대상)입니다.
     1>InitializeBuildStatus:
         "AlwaysCreate"이(가) 지정되었기 때문에 "Debug\20150916.unsuccessfulbuild"을(를) 만들고 있습니다.
       ClCompile:
         C:\Program Files (x86)\Microsoft Visual Studio 10.0\VC\bin\CL.exe /c /ZI /nologo /W3 /WX- /Od /Oy- /D WIN32 /D _DEBUG /D _CONSOLE /D _UNICODE /D UNICODE /Gm /EHsc /RTC1 /MDd /GS /fp:precise /Zc:wchar_t /Zc:forScope /Fo"Debug\\" /Fd"Debug\vc100.pdb" /Gd /TC /analyze- /errorReport:prompt 11.c "12-1.c"
         12-1.c
     1>c:\users\유석환\desktop\20150916\20150916\12-1.c(11): warning C4996: 'scanf': This function or variable may be unsafe. Consider using scanf_s instead. To disable deprecation, use _CRT_SECURE_NO_WARNINGS. See online help for details.
                 c:\program files (x86)\microsoft visual studio 10.0\vc\include\stdio.h(304) : 'scanf' 선언을 참조하십시오.
         11.c
         코드를 생성하고 있습니다...
       ManifestResourceCompile:
         모든 출력이 최신 상태입니다.
       Link:
         C:\Program Files (x86)\Microsoft Visual Studio 10.0\VC\bin\link.exe /ERRORREPORT:PROMPT /OUT:"C:\Users\유석환\Desktop\20150916\Debug\20150916.exe" /INCREMENTAL /NOLOGO kernel32.lib user32.lib gdi32.lib winspool.lib comdlg32.lib advapi32.lib shell32.lib ole32.lib oleaut32.lib uuid.lib odbc32.lib odbccp32.lib /MANIFEST /ManifestFile:"Debug\20150916.exe.intermediate.manifest" /MANIFESTUAC:"level='asInvoker' uiAccess='false'" /DEBUG /PDB:"C:\Users\유석환\Desktop\20150916\Debug\20150916.pdb" /SUBSYSTEM:CONSOLE /TLBID:1 /DYNAMICBASE /NXCOMPAT /IMPLIB:"C:\Users\유석환\Desktop\20150916\Debug\20150916.lib" /MACHINE:X86 Debug\20150916.exe.embed.manifest.res
         Debug\01.obj
         Debug\02.obj
         Debug\03.obj
         Debug\04.obj
         Debug\05.obj
         Debug\06.obj
         Debug\07.obj
         Debug\08.obj
         Debug\09.obj
         "Debug\10-a.obj"
         "Debug\10-b.obj"
         "Debug\10-c.obj"
         Debug\11.obj
         "Debug\12-1.obj"
       Manifest:
         C:\Program Files (x86)\Microsoft SDKs\Windows\v7.0A\bin\mt.exe /nologo /verbose /out:"Debug\20150916.exe.embed.manifest" /manifest Debug\20150916.exe.intermediate.manifest
         모든 출력이 최신 상태입니다.
       LinkEmbedManifest:
         모든 출력이 최신 상태입니다.
         20150916.vcxproj -> C:\Users\유석환\Desktop\20150916\Debug\20150916.exe
       FinalizeBuildStatus:
         "Debug\20150916.unsuccessfulbuild" 파일을 삭제하고 있습니다.
         "Debug\20150916.lastbuildstate"에 연결(touching)하고 있습니다.
     1>"C:\Users\유석환\Desktop\20150916\20150916\20150916.vcxproj" 프로젝트를 빌드했습니다(build 대상).

빌드했습니다.

경과 시간: 00:00:01.21
