빌드 시작: 2016-03-30 오후 7:18:54
     1>2 노드의 "C:\Users\유석환\Desktop\2학년 1학기\C++ (원어강의)\예제 실습\4장\4장.vcxproj" 프로젝트(Build 대상)입니다.
     1>ClCompile:
         C:\Program Files (x86)\Microsoft Visual Studio 14.0\VC\bin\CL.exe /c /ZI /nologo /W3 /WX- /Od /Oy- /D WIN32 /D _DEBUG /D _CONSOLE /D _UNICODE /D UNICODE /Gm /EHsc /RTC1 /MDd /GS /fp:precise /Zc:wchar_t /Zc:forScope /Zc:inline /Fo"Debug\\" /Fd"Debug\vc140.pdb" /Gd /TP /analyze- /errorReport:prompt "4-7.cpp" "4-8.cpp"
         4-8.cpp
         4-7.cpp
         코드를 생성하고 있습니다...
       Link:
         C:\Program Files (x86)\Microsoft Visual Studio 14.0\VC\bin\link.exe /ERRORREPORT:PROMPT /OUT:"C:\Users\유석환\Desktop\2학년 1학기\C++ (원어강의)\예제 실습\Debug\4장.exe" /INCREMENTAL /NOLOGO kernel32.lib user32.lib gdi32.lib winspool.lib comdlg32.lib advapi32.lib shell32.lib ole32.lib oleaut32.lib uuid.lib odbc32.lib odbccp32.lib /MANIFEST /MANIFESTUAC:"level='asInvoker' uiAccess='false'" /manifest:embed /Debug /PDB:"C:\Users\유석환\Desktop\2학년 1학기\C++ (원어강의)\예제 실습\Debug\4장.pdb" /SUBSYSTEM:CONSOLE /TLBID:1 /DYNAMICBASE /NXCOMPAT /IMPLIB:"C:\Users\유석환\Desktop\2학년 1학기\C++ (원어강의)\예제 실습\Debug\4장.lib" /MACHINE:X86 "Debug\4-1.obj"
         "Debug\4-2.obj"
         "Debug\4-3.obj"
         "Debug\4-4.obj"
         "Debug\4-5.obj"
         "Debug\4-6.obj"
         "Debug\4-7.obj"
         "Debug\4-8.obj"
         4장.vcxproj -> C:\Users\유석환\Desktop\2학년 1학기\C++ (원어강의)\예제 실습\Debug\4장.exe
     1>"C:\Users\유석환\Desktop\2학년 1학기\C++ (원어강의)\예제 실습\4장\4장.vcxproj" 프로젝트를 빌드했습니다(Build 대상).

빌드했습니다.

경과 시간: 00:00:02.38
