빌드 시작: 2015-09-23 오후 12:37:18
     1>2 노드의 "C:\Users\유석환\Desktop\가천대학교\2015년 1학년 2학기\프로그래밍응용\수업\150923\150923\150923.vcxproj" 프로젝트(build 대상)입니다.
     1>InitializeBuildStatus:
         "AlwaysCreate"이(가) 지정되었기 때문에 "Debug\150923.unsuccessfulbuild"을(를) 만들고 있습니다.
       ClCompile:
         C:\Program Files (x86)\Microsoft Visual Studio 10.0\VC\bin\CL.exe /c /ZI /nologo /W3 /WX- /Od /Oy- /D WIN32 /D _DEBUG /D _CONSOLE /D _UNICODE /D UNICODE /Gm /EHsc /RTC1 /MDd /GS /fp:precise /Zc:wchar_t /Zc:forScope /Fo"Debug\\" /Fd"Debug\vc100.pdb" /Gd /TC /analyze- /errorReport:prompt minimum.c selection_sort.c
         selection_sort.c
         minimum.c
         코드를 생성하고 있습니다...
       ManifestResourceCompile:
         모든 출력이 최신 상태입니다.
       Link:
         C:\Program Files (x86)\Microsoft Visual Studio 10.0\VC\bin\link.exe /ERRORREPORT:PROMPT /OUT:"C:\Users\유석환\Desktop\가천대학교\2015년 1학년 2학기\프로그래밍응용\수업\150923\Debug\150923.exe" /INCREMENTAL /NOLOGO kernel32.lib user32.lib gdi32.lib winspool.lib comdlg32.lib advapi32.lib shell32.lib ole32.lib oleaut32.lib uuid.lib odbc32.lib odbccp32.lib /MANIFEST /ManifestFile:"Debug\150923.exe.intermediate.manifest" /MANIFESTUAC:"level='asInvoker' uiAccess='false'" /DEBUG /PDB:"C:\Users\유석환\Desktop\가천대학교\2015년 1학년 2학기\프로그래밍응용\수업\150923\Debug\150923.pdb" /SUBSYSTEM:CONSOLE /TLBID:1 /DYNAMICBASE /NXCOMPAT /IMPLIB:"C:\Users\유석환\Desktop\가천대학교\2015년 1학년 2학기\프로그래밍응용\수업\150923\Debug\150923.lib" /MACHINE:X86 Debug\150923.exe.embed.manifest.res
         Debug\array_index.obj
         Debug\frequency.obj
         Debug\grade1.obj
         Debug\grade2.obj
         Debug\grade3.obj
         Debug\grade4.obj
         Debug\grade5.obj
         Debug\grade6.obj
         Debug\grade7.obj
         Debug\minimum.obj
         Debug\selection_sort.obj
       Manifest:
         C:\Program Files (x86)\Microsoft SDKs\Windows\v7.0A\bin\mt.exe /nologo /verbose /out:"Debug\150923.exe.embed.manifest" /manifest Debug\150923.exe.intermediate.manifest
         모든 출력이 최신 상태입니다.
       LinkEmbedManifest:
         모든 출력이 최신 상태입니다.
         150923.vcxproj -> C:\Users\유석환\Desktop\가천대학교\2015년 1학년 2학기\프로그래밍응용\수업\150923\Debug\150923.exe
       FinalizeBuildStatus:
         "Debug\150923.unsuccessfulbuild" 파일을 삭제하고 있습니다.
         "Debug\150923.lastbuildstate"에 연결(touching)하고 있습니다.
     1>"C:\Users\유석환\Desktop\가천대학교\2015년 1학년 2학기\프로그래밍응용\수업\150923\150923\150923.vcxproj" 프로젝트를 빌드했습니다(build 대상).

빌드했습니다.

경과 시간: 00:00:02.03
