빌드 시작: 2016-04-15 오전 10:19:50
     1>2 노드의 "C:\유석환\가천대학교\2016년 2학년 1학기\C++ (원어강의)\과제\6, 7장 연습문제 과제\6, 7장 연습문제\6, 7장 연습문제.vcxproj" 프로젝트(Build 대상)입니다.
     1>ClCompile:
         C:\Program Files (x86)\Microsoft Visual Studio 14.0\VC\bin\CL.exe /c /ZI /nologo /W3 /WX- /Od /Oy- /D WIN32 /D _DEBUG /D _CONSOLE /D _UNICODE /D UNICODE /Gm /EHsc /RTC1 /MDd /GS /fp:precise /Zc:wchar_t /Zc:forScope /Zc:inline /Fo"Debug\\" /Fd"Debug\vc140.pdb" /Gd /TP /analyze- /errorReport:prompt "6-26.cpp"
         6-26.cpp
       Link:
         C:\Program Files (x86)\Microsoft Visual Studio 14.0\VC\bin\link.exe /ERRORREPORT:PROMPT /OUT:"C:\유석환\가천대학교\2016년 2학년 1학기\C++ (원어강의)\과제\6, 7장 연습문제 과제\Debug\6, 7장 연습문제.exe" /INCREMENTAL /NOLOGO kernel32.lib user32.lib gdi32.lib winspool.lib comdlg32.lib advapi32.lib shell32.lib ole32.lib oleaut32.lib uuid.lib odbc32.lib odbccp32.lib /MANIFEST /MANIFESTUAC:"level='asInvoker' uiAccess='false'" /manifest:embed /Debug /PDB:"C:\유석환\가천대학교\2016년 2학년 1학기\C++ (원어강의)\과제\6, 7장 연습문제 과제\Debug\6, 7장 연습문제.pdb" /SUBSYSTEM:CONSOLE /TLBID:1 /DYNAMICBASE /NXCOMPAT /IMPLIB:"C:\유석환\가천대학교\2016년 2학년 1학기\C++ (원어강의)\과제\6, 7장 연습문제 과제\Debug\6, 7장 연습문제.lib" /MACHINE:X86 "Debug\6-15.obj"
         "Debug\6-17.obj"
         "Debug\6-18.obj"
         "Debug\6-19.obj"
         "Debug\6-20.obj"
         "Debug\6-22.obj"
         "Debug\6-24.obj"
         "Debug\6-26.obj"
         "Debug\7-2.obj"
         "Debug\7-3.obj"
         "Debug\7-4.obj"
         "Debug\7-6.obj"
         6, 7장 연습문제.vcxproj -> C:\유석환\가천대학교\2016년 2학년 1학기\C++ (원어강의)\과제\6, 7장 연습문제 과제\Debug\6, 7장 연습문제.exe
     1>"C:\유석환\가천대학교\2016년 2학년 1학기\C++ (원어강의)\과제\6, 7장 연습문제 과제\6, 7장 연습문제\6, 7장 연습문제.vcxproj" 프로젝트를 빌드했습니다(Build 대상).

빌드했습니다.

경과 시간: 00:00:02.53
