빌드 시작: 2015-11-11 오후 12:22:01
     1>2 노드의 "C:\Users\유석환\Desktop\151111\151111\151111.vcxproj" 프로젝트(Build 대상)입니다.
     1>ClCompile:
         C:\Program Files (x86)\Microsoft Visual Studio 14.0\VC\bin\CL.exe /c /ZI /nologo /W3 /WX- /Od /Oy- /D WIN32 /D _DEBUG /D _CONSOLE /D _UNICODE /D UNICODE /Gm /EHsc /RTC1 /MDd /GS /fp:precise /Zc:wchar_t /Zc:forScope /Zc:inline /Fo"Debug\\" /Fd"Debug\vc140.pdb" /Gd /TC /analyze- /errorReport:prompt "17 binary_file.c" "18 fseek.c"
         18 fseek.c
     1>c:\users\유석환\desktop\151111\151111\18 fseek.c(16): warning C4996: 'fopen': This function or variable may be unsafe. Consider using fopen_s instead. To disable deprecation, use _CRT_SECURE_NO_WARNINGS. See online help for details.
         c:\program files (x86)\windows kits\10\include\10.0.10150.0\ucrt\stdio.h(205): note: 'fopen' 선언을 참조하십시오.
     1>c:\users\유석환\desktop\151111\151111\18 fseek.c(25): warning C4996: 'fopen': This function or variable may be unsafe. Consider using fopen_s instead. To disable deprecation, use _CRT_SECURE_NO_WARNINGS. See online help for details.
         c:\program files (x86)\windows kits\10\include\10.0.10150.0\ucrt\stdio.h(205): note: 'fopen' 선언을 참조하십시오.
     1>c:\users\유석환\desktop\151111\151111\18 fseek.c(34): warning C4996: 'scanf': This function or variable may be unsafe. Consider using scanf_s instead. To disable deprecation, use _CRT_SECURE_NO_WARNINGS. See online help for details.
         c:\program files (x86)\windows kits\10\include\10.0.10150.0\ucrt\stdio.h(1270): note: 'scanf' 선언을 참조하십시오.
         17 binary_file.c
         코드를 생성하고 있습니다...
       Link:
         C:\Program Files (x86)\Microsoft Visual Studio 14.0\VC\bin\link.exe /ERRORREPORT:PROMPT /OUT:"C:\Users\유석환\Desktop\151111\Debug\151111.exe" /INCREMENTAL /NOLOGO kernel32.lib user32.lib gdi32.lib winspool.lib comdlg32.lib advapi32.lib shell32.lib ole32.lib oleaut32.lib uuid.lib odbc32.lib odbccp32.lib /MANIFEST /MANIFESTUAC:"level='asInvoker' uiAccess='false'" /manifest:embed /Debug /PDB:"C:\Users\유석환\Desktop\151111\Debug\151111.pdb" /SUBSYSTEM:CONSOLE /TLBID:1 /DYNAMICBASE /NXCOMPAT /IMPLIB:"C:\Users\유석환\Desktop\151111\Debug\151111.lib" /MACHINE:X86 "Debug\01 fw.obj"
         "Debug\02 precision.obj"
         "Debug\03 flag.obj"
         "Debug\04 printf_real.obj"
         "Debug\05 scanf2.obj"
         "Debug\06 scanf4.obj"
         "Debug\07 scanf6.obj"
         "Debug\08 scanf7.obj"
         "Debug\09 file_open.obj"
         "Debug\10 fputc.obj"
         "Debug\11 fgetc.obj"
         "Debug\12 fcopy1.obj"
         "Debug\13 search.obj"
         "Debug\14 score3.obj"
         "Debug\15 binary1.obj"
         "Debug\16 binary2.obj"
         "Debug\17 binary_file.obj"
         "Debug\18 fseek.obj"
         151111.vcxproj -> C:\Users\유석환\Desktop\151111\Debug\151111.exe
     1>"C:\Users\유석환\Desktop\151111\151111\151111.vcxproj" 프로젝트를 빌드했습니다(Build 대상).

빌드했습니다.

경과 시간: 00:00:01.81
