빌드 시작: 2015-11-25 오전 11:51:46
     1>2 노드의 "C:\Users\유석환\Desktop\151125\151125\151125.vcxproj" 프로젝트(Build 대상)입니다.
     1>ClCompile:
         C:\Program Files (x86)\Microsoft Visual Studio 14.0\VC\bin\CL.exe /c /ZI /nologo /W3 /WX- /Od /Oy- /D WIN32 /D _DEBUG /D _CONSOLE /D _UNICODE /D UNICODE /Gm /EHsc /RTC1 /MDd /GS /fp:precise /Zc:wchar_t /Zc:forScope /Zc:inline /Fo"Debug\\" /Fd"Debug\vc140.pdb" /Gd /TC /analyze- /errorReport:prompt "07 book2.c"
         07 book2.c
     1>c:\users\유석환\desktop\151125\151125\07 book2.c(23): warning C4013: 'gets'이(가) 정의되지 않았습니다. extern은 int형을 반환하는 것으로 간주합니다.
     1>c:\users\유석환\desktop\151125\151125\07 book2.c(28): warning C4996: 'strcpy': This function or variable may be unsafe. Consider using strcpy_s instead. To disable deprecation, use _CRT_SECURE_NO_WARNINGS. See online help for details.
         c:\program files (x86)\windows kits\10\include\10.0.10150.0\ucrt\string.h(119): note: 'strcpy' 선언을 참조하십시오.
       Link:
         C:\Program Files (x86)\Microsoft Visual Studio 14.0\VC\bin\link.exe /ERRORREPORT:PROMPT /OUT:"C:\Users\유석환\Desktop\151125\Debug\151125.exe" /INCREMENTAL /NOLOGO kernel32.lib user32.lib gdi32.lib winspool.lib comdlg32.lib advapi32.lib shell32.lib ole32.lib oleaut32.lib uuid.lib odbc32.lib odbccp32.lib /MANIFEST /MANIFESTUAC:"level='asInvoker' uiAccess='false'" /manifest:embed /Debug /PDB:"C:\Users\유석환\Desktop\151125\Debug\151125.pdb" /SUBSYSTEM:CONSOLE /TLBID:1 /DYNAMICBASE /NXCOMPAT /IMPLIB:"C:\Users\유석환\Desktop\151125\Debug\151125.lib" /MACHINE:X86 "Debug\01 malloc.obj"
         "Debug\02 malloc1.obj"
         "Debug\03 malloc2.obj"
         "Debug\04 malloc3.obj"
         "Debug\05 malloc4.obj"
         "Debug\06 book1.obj"
         "Debug\07 book2.obj"
         151125.vcxproj -> C:\Users\유석환\Desktop\151125\Debug\151125.exe
     1>"C:\Users\유석환\Desktop\151125\151125\151125.vcxproj" 프로젝트를 빌드했습니다(Build 대상).

빌드했습니다.

경과 시간: 00:00:02.15
