빌드 시작: 2016-06-09 오전 11:28:11
     1>2 노드의 "C:\유석환\가천대학교\2016년 2학년 1학기\C++ (원어강의)\기말고사 공부\Chapter 11\Chapter 11.vcxproj" 프로젝트(Build 대상)입니다.
     1>ClCompile:
         C:\Program Files (x86)\Microsoft Visual Studio 14.0\VC\bin\CL.exe /c /ZI /nologo /W3 /WX- /Od /Oy- /D WIN32 /D _DEBUG /D _CONSOLE /D _UNICODE /D UNICODE /Gm /EHsc /RTC1 /MDd /GS /fp:precise /Zc:wchar_t /Zc:forScope /Zc:inline /Fo"Debug\\" /Fd"Debug\vc140.pdb" /Gd /TP /analyze- /errorReport:prompt 11_20.cpp 11_21.cpp
         11_21.cpp
         11_20.cpp
         코드를 생성하고 있습니다...
       Link:
         C:\Program Files (x86)\Microsoft Visual Studio 14.0\VC\bin\link.exe /ERRORREPORT:PROMPT /OUT:"C:\유석환\가천대학교\2016년 2학년 1학기\C++ (원어강의)\기말고사 공부\C++ 기말\Debug\Chapter 11.exe" /INCREMENTAL /NOLOGO kernel32.lib user32.lib gdi32.lib winspool.lib comdlg32.lib advapi32.lib shell32.lib ole32.lib oleaut32.lib uuid.lib odbc32.lib odbccp32.lib /MANIFEST /MANIFESTUAC:"level='asInvoker' uiAccess='false'" /manifest:embed /Debug /PDB:"C:\유석환\가천대학교\2016년 2학년 1학기\C++ (원어강의)\기말고사 공부\C++ 기말\Debug\Chapter 11.pdb" /SUBSYSTEM:CONSOLE /TLBID:1 /DYNAMICBASE /NXCOMPAT /IMPLIB:"C:\유석환\가천대학교\2016년 2학년 1학기\C++ (원어강의)\기말고사 공부\C++ 기말\Debug\Chapter 11.lib" /MACHINE:X86 Debug\11_01.obj
         Debug\11_02.obj
         Debug\11_03.obj
         Debug\11_04.obj
         Debug\11_05.obj
         Debug\11_06.obj
         Debug\11_07.obj
         Debug\11_08.obj
         Debug\11_09.obj
         Debug\11_10.obj
         Debug\11_11.obj
         Debug\11_12.obj
         Debug\11_13.obj
         Debug\11_14.obj
         Debug\11_15.obj
         Debug\11_16.obj
         Debug\11_17.obj
         Debug\11_18.obj
         Debug\11_19.obj
         Debug\11_20.obj
         Debug\11_21.obj
         Chapter 11.vcxproj -> C:\유석환\가천대학교\2016년 2학년 1학기\C++ (원어강의)\기말고사 공부\C++ 기말\Debug\Chapter 11.exe
     1>"C:\유석환\가천대학교\2016년 2학년 1학기\C++ (원어강의)\기말고사 공부\Chapter 11\Chapter 11.vcxproj" 프로젝트를 빌드했습니다(Build 대상).

빌드했습니다.

경과 시간: 00:00:02.53
