빌드 시작: 2016-04-22 오후 7:14:30
     1>2 노드의 "c:\Users\유석환\Desktop\자료구조 연습문제\3장\3장.vcxproj" 프로젝트(Build 대상)입니다.
     1>ClCompile:
         C:\Program Files (x86)\Microsoft Visual Studio 14.0\VC\bin\CL.exe /c /ZI /nologo /W3 /WX- /sdl- /Od /Oy- /D WIN32 /D _DEBUG /D _CONSOLE /D _UNICODE /D UNICODE /Gm /EHsc /RTC1 /MDd /GS /fp:precise /Zc:wchar_t /Zc:forScope /Zc:inline /Fo"Debug\\" /Fd"Debug\vc140.pdb" /Gd /TC /analyze- /errorReport:prompt 07.c
         07.c
     1>c:\users\유석환\desktop\자료구조 연습문제\3장\07.c(10): warning C4996: 'scanf': This function or variable may be unsafe. Consider using scanf_s instead. To disable deprecation, use _CRT_SECURE_NO_WARNINGS. See online help for details.
         c:\program files (x86)\windows kits\10\include\10.0.10150.0\ucrt\stdio.h(1270): note: 'scanf' 선언을 참조하십시오.
     1>c:\users\유석환\desktop\자료구조 연습문제\3장\07.c(19): warning C4047: '!=': 'int'의 간접 참조 수준이 'void *'과(와) 다릅니다.
       Link:
         C:\Program Files (x86)\Microsoft Visual Studio 14.0\VC\bin\link.exe /ERRORREPORT:PROMPT /OUT:"c:\users\유석환\Desktop\자료구조 연습문제\Debug\3장.exe" /INCREMENTAL /NOLOGO kernel32.lib user32.lib gdi32.lib winspool.lib comdlg32.lib advapi32.lib shell32.lib ole32.lib oleaut32.lib uuid.lib odbc32.lib odbccp32.lib /MANIFEST /MANIFESTUAC:"level='asInvoker' uiAccess='false'" /manifest:embed /Debug /PDB:"c:\users\유석환\Desktop\자료구조 연습문제\Debug\3장.pdb" /SUBSYSTEM:CONSOLE /TLBID:1 /DYNAMICBASE /NXCOMPAT /IMPLIB:"c:\users\유석환\Desktop\자료구조 연습문제\Debug\3장.lib" /MACHINE:X86 Debug\01.obj
         Debug\02.obj
         Debug\03.obj
         Debug\04.obj
         Debug\05.obj
         Debug\06.obj
         Debug\07.obj
         Debug\08.obj
         Debug\09.obj
         Debug\10.obj
         3장.vcxproj -> c:\users\유석환\Desktop\자료구조 연습문제\Debug\3장.exe
     1>"c:\Users\유석환\Desktop\자료구조 연습문제\3장\3장.vcxproj" 프로젝트를 빌드했습니다(Build 대상).

빌드했습니다.

경과 시간: 00:00:00.79
