빌드 시작: 2016-05-26 오후 12:08:04
     1>2 노드의 "C:\Users\유석환\Desktop\기말고사 공부\C++ 기말\C++ 기말.vcxproj" 프로젝트(Build 대상)입니다.
     1>ClCompile:
         C:\Program Files (x86)\Microsoft Visual Studio 14.0\VC\bin\CL.exe /c /ZI /nologo /W3 /WX- /Od /Oy- /D WIN32 /D _DEBUG /D _CONSOLE /D _UNICODE /D UNICODE /Gm /EHsc /RTC1 /MDd /GS /fp:precise /Zc:wchar_t /Zc:forScope /Zc:inline /Fo"Debug\\" /Fd"Debug\vc140.pdb" /Gd /TP /analyze- /errorReport:prompt 10_15.cpp 10_16.cpp
         10_16.cpp
         10_15.cpp
         코드를 생성하고 있습니다...
       Link:
         C:\Program Files (x86)\Microsoft Visual Studio 14.0\VC\bin\link.exe /ERRORREPORT:PROMPT /OUT:"C:\Users\유석환\Desktop\기말고사 공부\C++ 기말\Debug\C++ 기말.exe" /INCREMENTAL /NOLOGO kernel32.lib user32.lib gdi32.lib winspool.lib comdlg32.lib advapi32.lib shell32.lib ole32.lib oleaut32.lib uuid.lib odbc32.lib odbccp32.lib /MANIFEST /MANIFESTUAC:"level='asInvoker' uiAccess='false'" /manifest:embed /Debug /PDB:"C:\Users\유석환\Desktop\기말고사 공부\C++ 기말\Debug\C++ 기말.pdb" /SUBSYSTEM:CONSOLE /TLBID:1 /DYNAMICBASE /NXCOMPAT /IMPLIB:"C:\Users\유석환\Desktop\기말고사 공부\C++ 기말\Debug\C++ 기말.lib" /MACHINE:X86 Debug\10_01.obj
         Debug\10_02.obj
         Debug\10_03.obj
         Debug\10_04.obj
         Debug\10_05.obj
         Debug\10_06.obj
         Debug\10_07.obj
         Debug\10_08.obj
         Debug\10_09.obj
         Debug\10_10.obj
         Debug\10_11.obj
         Debug\10_12.obj
         Debug\10_13.obj
         Debug\10_14.obj
         Debug\10_15.obj
         Debug\10_16.obj
         C++ 기말.vcxproj -> C:\Users\유석환\Desktop\기말고사 공부\C++ 기말\Debug\C++ 기말.exe
     1>"C:\Users\유석환\Desktop\기말고사 공부\C++ 기말\C++ 기말.vcxproj" 프로젝트를 빌드했습니다(Build 대상).

빌드했습니다.

경과 시간: 00:00:02.76
